<?xml version="1.0" encoding="UTF-8"?>
<!-- Generated by org.testng.reporters.JUnitReportReporter -->
<testsuite hostname="ACUCLE-4ZDCRF2" name="manual_steps.Example" tests="2" failures="0" timestamp="2 Nov 2017 18:47:12 GMT" time="19.066" errors="0">
  <testcase name="loginTest" time="6.828" classname="manual_steps.Example"/>
  <testcase name="createAccounts" time="12.238" classname="manual_steps.Example"/>
</testsuite> <!-- manual_steps.Example -->
